GLOB sdist-make: /Users/stonepd/Github/iot-python/setup.py
py37 inst-nodeps: /Users/stonepd/Github/iot-python/.tox/.tmp/package/1/wiotp-sdk-0.9.0.zip
py37 installed: atomicwrites==1.3.0,attrs==19.1.0,certifi==2019.3.9,chardet==3.0.4,coverage==4.5.3,entrypoints==0.3,flake8==3.7.7,idna==2.8,iso8601==0.1.12,mccabe==0.6.1,more-itertools==7.0.0,nose==1.3.7,paho-mqtt==1.4.0,pluggy==0.9.0,py==1.8.0,pycodestyle==2.5.0,pyflakes==2.1.1,pytest==4.4.1,pytest-cov==2.6.1,pytz==2019.1,PyYAML==5.1,requests==2.21.0,six==1.12.0,urllib3==1.24.2,wiotp-sdk==0.9.0
py37 run-test-pre: PYTHONHASHSEED='3987863138'
py37 run-test: commands[0] | flake8 src --count --select=E9,F63,F72,F82 --show-source --statistics
0
py37 run-test: commands[1] | flake8 samples --count --select=E9,F63,F72,F82 --show-source --statistics
0
py37 run-test: commands[2] | pytest --cov=wiotp.sdk test/test_api_actions.py
============================= test session starts ==============================
platform darwin -- Python 3.7.3, pytest-4.4.1, py-1.8.0, pluggy-0.9.0
cachedir: .tox/py37/.pytest_cache
rootdir: /Users/stonepd/Github/iot-python, inifile: tox.ini
plugins: cov-2.6.1
collected 4 items

test/test_api_actions.py .FFF                                            [100%]

=================================== FAILURES ===================================
_____________________ TestActions.testCreateDeleteAction1 ______________________

self = <test_api_actions.TestActions object at 0x10f3ae9b0>

    def testCreateDeleteAction1(self):
        test_action_name = TestActions.testActionName
>       assert self.doesActionNameExist(test_action_name)==False
E       AssertionError: assert True == False
E        +  where True = <bound method TestActions.doesActionNameExist of <test_api_actions.TestActions object at 0x10f3ae9b0>>('test-action')
E        +    where <bound method TestActions.doesActionNameExist of <test_api_actions.TestActions object at 0x10f3ae9b0>> = <test_api_actions.TestActions object at 0x10f3ae9b0>.doesActionNameExist

test/test_api_actions.py:78: AssertionError
__________________ TestActions.testCreateUpdateDeleteAction1 ___________________

self = <test_api_actions.TestActions object at 0x10f3d60f0>

    def testCreateUpdateDeleteAction1(self):
        test_action_name = TestActions.testActionName
>       assert self.doesActionNameExist(test_action_name)==False
E       AssertionError: assert True == False
E        +  where True = <bound method TestActions.doesActionNameExist of <test_api_actions.TestActions object at 0x10f3d60f0>>('test-action')
E        +    where <bound method TestActions.doesActionNameExist of <test_api_actions.TestActions object at 0x10f3d60f0>> = <test_api_actions.TestActions object at 0x10f3d60f0>.doesActionNameExist

test/test_api_actions.py:97: AssertionError
________________ TestActions.testCreateDeleteActionAndTrigger1 _________________

self = <test_api_actions.TestActions object at 0x11042e630>

    def testCreateDeleteActionAndTrigger1(self):
        test_action_name = TestActions.testActionName
>       assert self.doesActionNameExist(test_action_name)==False
E       AssertionError: assert True == False
E        +  where True = <bound method TestActions.doesActionNameExist of <test_api_actions.TestActions object at 0x11042e630>>('test-action')
E        +    where <bound method TestActions.doesActionNameExist of <test_api_actions.TestActions object at 0x11042e630>> = <test_api_actions.TestActions object at 0x11042e630>.doesActionNameExist

test/test_api_actions.py:125: AssertionError

---------- coverage: platform darwin, python 3.7.3-final-0 -----------
Name                                                                                Stmts   Miss Branch BrPart  Cover
---------------------------------------------------------------------------------------------------------------------
.tox/py37/lib/python3.7/site-packages/wiotp/sdk/__init__.py                             9      0      0      0   100%
.tox/py37/lib/python3.7/site-packages/wiotp/sdk/api/__init__.py                        10      0      0      0   100%
.tox/py37/lib/python3.7/site-packages/wiotp/sdk/api/actionmanager/__init__.py           6      0      0      0   100%
.tox/py37/lib/python3.7/site-packages/wiotp/sdk/api/actionmanager/actions.py           59     19     14      7    64%
.tox/py37/lib/python3.7/site-packages/wiotp/sdk/api/actionmanager/triggers.py          74     44     16      0    33%
.tox/py37/lib/python3.7/site-packages/wiotp/sdk/api/common.py                         133     53     42      8    55%
.tox/py37/lib/python3.7/site-packages/wiotp/sdk/api/dsc/__init__.py                     2      0      0      0   100%
.tox/py37/lib/python3.7/site-packages/wiotp/sdk/api/dsc/connectors.py                 102     66     24      0    29%
.tox/py37/lib/python3.7/site-packages/wiotp/sdk/api/dsc/destinations.py                77     54     28      0    22%
.tox/py37/lib/python3.7/site-packages/wiotp/sdk/api/dsc/forwarding.py                 111     77     30      0    24%
.tox/py37/lib/python3.7/site-packages/wiotp/sdk/api/lec/__init__.py                    43     26     12      0    31%
.tox/py37/lib/python3.7/site-packages/wiotp/sdk/api/mgmt/__init__.py                    7      0      0      0   100%
.tox/py37/lib/python3.7/site-packages/wiotp/sdk/api/mgmt/extensions.py                 34     25     10      0    20%
.tox/py37/lib/python3.7/site-packages/wiotp/sdk/api/mgmt/requests.py                   44     31     14      0    22%
.tox/py37/lib/python3.7/site-packages/wiotp/sdk/api/registry/__init__.py                9      0      0      0   100%
.tox/py37/lib/python3.7/site-packages/wiotp/sdk/api/registry/connectionStatus.py       43     26     12      0    31%
.tox/py37/lib/python3.7/site-packages/wiotp/sdk/api/registry/devices.py               222    146     62      0    27%
.tox/py37/lib/python3.7/site-packages/wiotp/sdk/api/registry/diag.py                  157    118     56      0    18%
.tox/py37/lib/python3.7/site-packages/wiotp/sdk/api/registry/types.py                  79     50     20      0    29%
.tox/py37/lib/python3.7/site-packages/wiotp/sdk/api/services/__init__.py              127     85     42      0    25%
.tox/py37/lib/python3.7/site-packages/wiotp/sdk/api/services/credentials.py            37     19      6      0    42%
.tox/py37/lib/python3.7/site-packages/wiotp/sdk/api/statemanagement/__init__.py         5      0      0      0   100%
.tox/py37/lib/python3.7/site-packages/wiotp/sdk/api/statemanagement/eventTypes.py     101    101     30      0     0%
.tox/py37/lib/python3.7/site-packages/wiotp/sdk/api/statemanagement/schemas.py         34     13      0      0    62%
.tox/py37/lib/python3.7/site-packages/wiotp/sdk/api/status/__init__.py                 21      9      2      0    52%
.tox/py37/lib/python3.7/site-packages/wiotp/sdk/api/usage/__init__.py                  36     18      6      0    43%
.tox/py37/lib/python3.7/site-packages/wiotp/sdk/application/__init__.py                 3      0      0      0   100%
.tox/py37/lib/python3.7/site-packages/wiotp/sdk/application/client.py                 112     65     30      2    35%
.tox/py37/lib/python3.7/site-packages/wiotp/sdk/application/config.py                 140     42     56     25    63%
.tox/py37/lib/python3.7/site-packages/wiotp/sdk/application/messages.py                64     50     10      0    19%
.tox/py37/lib/python3.7/site-packages/wiotp/sdk/client.py                             173     99     64      7    34%
.tox/py37/lib/python3.7/site-packages/wiotp/sdk/device/__init__.py                      6      0      0      0   100%
.tox/py37/lib/python3.7/site-packages/wiotp/sdk/device/client.py                       30     16      6      0    39%
.tox/py37/lib/python3.7/site-packages/wiotp/sdk/device/command.py                      16     10      4      0    30%
.tox/py37/lib/python3.7/site-packages/wiotp/sdk/device/config.py                      133    109     62      0    12%
.tox/py37/lib/python3.7/site-packages/wiotp/sdk/device/deviceFirmware.py               12      8      0      0    33%
.tox/py37/lib/python3.7/site-packages/wiotp/sdk/device/deviceInfo.py                   40     18      0      0    55%
.tox/py37/lib/python3.7/site-packages/wiotp/sdk/device/managedClient.py               358    292     94      0    15%
.tox/py37/lib/python3.7/site-packages/wiotp/sdk/exceptions.py                          58     34      8      0    36%
.tox/py37/lib/python3.7/site-packages/wiotp/sdk/gateway/__init__.py                     6      0      0      0   100%
.tox/py37/lib/python3.7/site-packages/wiotp/sdk/gateway/client.py                      73     49      6      0    30%
.tox/py37/lib/python3.7/site-packages/wiotp/sdk/gateway/config.py                      14      4      0      0    71%
.tox/py37/lib/python3.7/site-packages/wiotp/sdk/gateway/managedClient.py              232    193     60      0    13%
.tox/py37/lib/python3.7/site-packages/wiotp/sdk/gateway/messages.py                    31     23      8      0    21%
.tox/py37/lib/python3.7/site-packages/wiotp/sdk/messages.py                            50     28      6      0    39%
---------------------------------------------------------------------------------------------------------------------
TOTAL                                                                                3133   2020    840     49    29%

====================== 3 failed, 1 passed in 2.96 seconds ======================
ERROR: InvocationError for command /Users/stonepd/Github/iot-python/.tox/py37/bin/pytest --cov=wiotp.sdk test/test_api_actions.py (exited with code 1)
___________________________________ summary ____________________________________
ERROR:   py37: commands failed
